<?xml version="1.0" encoding="utf-8"?><testsuites><testsuite name="pytest" errors="0" failures="0" skipped="0" tests="23" time="49.055" timestamp="2024-07-28T20:57:27.535556-07:00" hostname="edna.local"><testcase classname="test.tests.test_polarizability" name="test_are_collinear[vector_10-vector_20-False]" time="0.001" /><testcase classname="test.tests.test_polarizability" name="test_are_collinear[vector_11-vector_21-False]" time="0.000" /><testcase classname="test.tests.test_polarizability" name="test_are_collinear[vector_12-vector_22-True]" time="0.000" /><testcase classname="test.tests.test_polarizability" name="test_are_collinear[vector_13-vector_23-False]" time="0.000" /><testcase classname="test.tests.test_polarizability" name="test_check_orthogonal[vector_10-vectors0-2]" time="0.000" /><testcase classname="test.tests.test_polarizability" name="test_check_orthogonal[vector_11-vectors1--1]" time="0.000" /><testcase classname="test.tests.test_polarizability" name="test_structural_symmetry[test/data/TiO2_OUTCAR-2-36-known_displacements_shape0]" time="20.316" /><testcase classname="test.tests.test_polarizability" name="test_structural_symmetry[test/data/STO_RATTLED_OUTCAR-135-1-known_displacements_shape1]" time="0.112" /><testcase classname="test.tests.test_polarizability" name="test_structural_symmetry[test/data/LLZO_OUTCAR-9-32-known_displacements_shape2]" time="7.008" /><testcase classname="test.tests.test_polarizability" name="test_get_fractional_positions_permutation_matrix[reference0-permuted0-known0]" time="0.000" /><testcase classname="test.tests.test_polarizability" name="test_find_duplicates[vectors0-None]" time="0.000" /><testcase classname="test.tests.test_polarizability" name="test_find_duplicates[vectors1--0.05]" time="0.000" /><testcase classname="test.tests.test_polarizability" name="test_add_dof[test/data/STO_RATTLED_OUTCAR-0-magnitudes0-1]" time="0.114" /><testcase classname="test.tests.test_polarizability" name="test_add_dof[test/data/TiO2_OUTCAR-0-magnitudes1-72]" time="20.385" /><testcase classname="test.tests.test_vasp" name="test_load_phonons_from_outcar[test/data/TiO2_OUTCAR-108-known_wavenumbers0-known_first_displacement0-known_last_displacement0]" time="0.037" /><testcase classname="test.tests.test_vasp" name="test_get_atomic_symbol_from_potcar_line[ POTCAR:    PAW_PBE Ti_pv 07Sep2000\n-Ti]" time="0.000" /><testcase classname="test.tests.test_vasp" name="test_get_atomic_symbol_from_potcar_line[ POTCAR:    PAW_PBE O 08Apr2002  \n-O]" time="0.000" /><testcase classname="test.tests.test_vasp" name="test_read_atomic_symbols_from_outcar[test/data/TiO2_OUTCAR-known0]" time="0.000" /><testcase classname="test.tests.test_vasp" name="test_read_cartesian_positions_from_outcar[test/data/EPS_OUTCAR-known_first_position0-known_last_position0]" time="0.001" /><testcase classname="test.tests.test_vasp" name="test_read_fractional_positions_from_outcar[test/data/EPS_OUTCAR-known_first_position0-known_last_position0]" time="0.000" /><testcase classname="test.tests.test_vasp" name="test_read_polarizability_from_outcar[test/data/EPS_OUTCAR-known_polarizability0]" time="0.001" /><testcase classname="test.tests.test_vasp" name="test_read_lattice_from_outcar[test/data/TiO2_OUTCAR-known_lattice0]" time="0.000" /><testcase classname="test.tests.test_vasp" name="test_read_lattice_from_outcar[test/data/EPS_OUTCAR-known_lattice1]" time="0.000" /></testsuite></testsuites>
